========================================
Step: docker load: //dockers/docker-config-engine-bookworm:load
Started: Tue Apr 21 22:17:38 CDT 2026
Command: bazel run //dockers/docker-config-engine-bookworm:load
========================================

Computing main repo mapping: 
Loading: 
Loading: 0 packages loaded
Analyzing: target //dockers/docker-config-engine-bookworm:load (0 packages loaded, 0 targets configured)
Analyzing: target //dockers/docker-config-engine-bookworm:load (0 packages loaded, 0 targets configured)

Analyzing: target //dockers/docker-config-engine-bookworm:load (87 packages loaded, 10158 targets configured)

INFO: Analyzed target //dockers/docker-config-engine-bookworm:load (105 packages loaded, 16393 targets configured).
[72 / 221] OCI Descriptor external/sonic-config-engine+/dist.tar; 0s processwrapper-sandbox ... (4 actions, 1 running)
[565 / 700] Unpack external/rules_distroless++apt+bookworm-security_libicu72-amd64_72.1-3-deb12u1/usr/lib/x86_64-linux-gnu/libicudata.so.72.1; 0s processwrapper-sandbox ... (4 actions, 3 running)
[763 / 830] Unpack external/rules_distroless++apt+bookworm_libboost1.74-dev-amd64_1.74.0-ds1-21/usr/include/boost/container/detail/alloc_lib.h; 1s processwrapper-sandbox ... (4 actions, 3 running)
[765 / 830] Unpack external/rules_distroless++apt+bookworm_libboost1.74-dev-amd64_1.74.0-ds1-21/usr/include/boost/container/detail/alloc_lib.h; 2s processwrapper-sandbox ... (2 actions running)
INFO: From Generating SWIG bindings for @@sonic-swss-common+//pyext:swsscommon_pyy:
external/sonic-swss-common+/common/dbconnector.h:278: Warning 321: 'set' conflicts with a built-in name in python
external/sonic-swss-common+/common/dbconnector.h:279: Warning 321: 'set' conflicts with a built-in name in python
external/sonic-swss-common+/common/sonicv2connector.h:49: Warning 321: 'set' conflicts with a built-in name in python
external/sonic-swss-common+/common/pubsub.h:16: Warning 309: protected inheritance from base 'RedisSelect' (ignored).
external/sonic-swss-common+/common/redistran.h:21: Warning 314: 'exec' is a python keyword, renaming to '_exec'
external/sonic-swss-common+/common/table.h:24: Warning 322: Redundant redeclaration of 'FieldValueTuple',
external/sonic-swss-common+/common/rediscommand.h:13: Warning 322: previous declaration of 'FieldValueTuple'.
external/sonic-swss-common+/common/table.h:27: Warning 322: Redundant redeclaration of 'KeyOpFieldsValuesTuple',
external/sonic-swss-common+/common/rediscommand.h:16: Warning 322: previous declaration of 'KeyOpFieldsValuesTuple'.
external/sonic-swss-common+/common/table.h:115: Warning 321: 'set' conflicts with a built-in name in python
external/sonic-swss-common+/common/table.h:199: Warning 321: 'set' conflicts with a built-in name in python
external/sonic-swss-common+/common/table.h:206: Warning 321: 'set' conflicts with a built-in name in python
external/sonic-swss-common+/common/producertable.h:32: Warning 321: 'set' conflicts with a built-in name in python
external/sonic-swss-common+/common/producerstatetable.h:23: Warning 321: 'set' conflicts with a built-in name in python
external/sonic-swss-common+/common/producerstatetable.h:41: Warning 321: 'set' conflicts with a built-in name in python
external/sonic-swss-common+/common/zmqproducerstatetable.h:26: Warning 321: 'set' conflicts with a built-in name in python
external/sonic-swss-common+/common/zmqproducerstatetable.h:33: Warning 321: 'set' conflicts with a built-in name in python
external/sonic-swss-common+/common/dbinterface.h:49: Warning 321: 'set' conflicts with a built-in name in python
external/sonic-swss-common+/common/logger.h:123: Warning 325: Nested class not currently supported (ScopeLogger ignored)
external/sonic-swss-common+/common/logger.h:142: Warning 325: Nested class not currently supported (ScopeTimer ignored)
external/sonic-swss-common+/common/pubsub.h:16: Warning 401: Base class 'RedisSelect' undefined.
external/sonic-swss-common+/common/redisselect.h:11: Warning 401: 'RedisSelect' must be defined before it is used as a base class.
external/sonic-swss-common+/common/zmqconsumerstatetable.h:15: Warning 401: Base class 'TableBase' undefined.
external/sonic-swss-common+/common/table.h:35: Warning 401: 'TableBase' must be defined before it is used as a base class.
external/sonic-swss-common+/common/table.h:161: Warning 403: Class 'swss::TableConsumable' might be abstract, no constructors generated,
external/sonic-swss-common+/common/table.h:128: Warning 403: Method swss::TableEntryPoppable::pop(swss::KeyOpFieldsValuesTuple &,std::string const &) might not be implemented.
external/sonic-swss-common+/common/consumertablebase.h:9: Warning 403: Class 'swss::ConsumerTableBase' might be abstract, no constructors generated,
external/sonic-swss-common+/common/table.h:131: Warning 403: Method swss::TableEntryPoppable::pops(std::deque< swss::KeyOpFieldsValuesTuple,std::allocator< swss::KeyOpFieldsValuesTuple > > &,std::string const &) might not be implemented.
bazel-out/k8-fastbuild/bin/external/sonic-swss-common+/pyext/swig_lib/python/pyiterators.swg:454: Warning 511: Can't use keyword arguments with overloaded functions (swig::SwigPyIterator::operator -(ptrdiff_t) const).
bazel-out/k8-fastbuild/bin/external/sonic-swss-common+/pyext/swig_lib/python/pyiterators.swg:455: Warning 511: Can't use keyword arguments with overloaded functions (swig::SwigPyIterator::operator -(swig::SwigPyIterator const &) const).
bazel-out/k8-fastbuild/bin/external/sonic-swss-common+/pyext/swig_lib/std/std_pair.i:37: Warning 511: Can't use keyword arguments with overloaded functions (std::pair< std::string,std::string >::pair(std::string,std::string)).
bazel-out/k8-fastbuild/bin/external/sonic-swss-common+/pyext/swig_lib/std/std_pair.i:38: Warning 511: Can't use keyword arguments with overloaded functions (std::pair< std::string,std::string >::pair(std::pair< std::string,std::string > const &)).
bazel-out/k8-fastbuild/bin/external/sonic-swss-common+/pyext/swig_lib/std/std_vector.i:91: Warning 511: Can't use keyword arguments with overloaded functions (std::vector< std::pair< std::string,std::string > >::__setslice__(std::vector< std::pair< std::string,std::string > >::difference_type,std::vector< std::pair< std::string,std::string > >::difference_type)).
bazel-out/k8-fastbuild/bin/external/sonic-swss-common+/pyext/swig_lib/std/std_vector.i:91: Warning 511: Can't use keyword arguments with overloaded functions (std::vector< std::pair< std::string,std::string > >::__setslice__(std::vector< std::pair< std::string,std::string > >::difference_type,std::vector< std::pair< std::string,std::string > >::difference_type,std::vector< std::pair< std::string,std::string >,std::allocator< std::pair< std::string,std::string > > > const &)).
bazel-out/k8-fastbuild/bin/external/sonic-swss-common+/pyext/swig_lib/std/std_vector.i:91: Warning 511: Can't use keyword arguments with overloaded functions (std::vector< std::pair< std::string,std::string > >::__delitem__(std::vector< std::pair< std::string,std::string > >::difference_type)).
bazel-out/k8-fastbuild/bin/external/sonic-swss-common+/pyext/swig_lib/std/std_vector.i:91: Warning 511: Can't use keyword arguments with overloaded functions (std::vector< std::pair< std::string,std::string > >::__getitem__(PySliceObject *)).
bazel-out/k8-fastbuild/bin/external/sonic-swss-common+/pyext/swig_lib/std/std_vector.i:91: Warning 511: Can't use keyword arguments with overloaded functions (std::vector< std::pair< std::string,std::string > >::__setitem__(PySliceObject *,std::vector< std::pair< std::string,std::string >,std::allocator< std::pair< std::string,std::string > > > const &)).
bazel-out/k8-fastbuild/bin/external/sonic-swss-common+/pyext/swig_lib/std/std_vector.i:91: Warning 511: Can't use keyword arguments with overloaded functions (std::vector< std::pair< std::string,std::string > >::__setitem__(PySliceObject *)).
bazel-out/k8-fastbuild/bin/external/sonic-swss-common+/pyext/swig_lib/std/std_vector.i:91: Warning 511: Can't use keyword arguments with overloaded functions (std::vector< std::pair< std::string,std::string > >::__delitem__(PySliceObject *)).
bazel-out/k8-fastbuild/bin/external/sonic-swss-common+/pyext/swig_lib/std/std_vector.i:91: Warning 511: Can't use keyword arguments with overloaded functions (std::vector< std::pair< std::string,std::string > >::__getitem__(std::vector< std::pair< std::string,std::string > >::difference_type) const).
bazel-out/k8-fastbuild/bin/external/sonic-swss-common+/pyext/swig_lib/std/std_vector.i:91: Warning 511: Can't use keyword arguments with overloaded functions (std::vector< std::pair< std::string,std::string > >::__setitem__(std::vector< std::pair< std::string,std::string > >::difference_type,std::vector< std::pair< std::string,std::string > >::value_type const &)).
bazel-out/k8-fastbuild/bin/external/sonic-swss-common+/pyext/swig_lib/std/std_vector.i:94: Warning 511: Can't use keyword arguments with overloaded functions (std::vector< std::pair< std::string,std::string > >::vector(std::vector< std::pair< std::string,std::string > > const &)).
bazel-out/k8-fastbuild/bin/external/sonic-swss-common+/pyext/swig_lib/std/std_vector.i:94: Warning 511: Can't use keyword arguments with overloaded functions (std::vector< std::pair< std::string,std::string > >::vector(std::vector< std::pair< std::string,std::string > >::size_type)).
bazel-out/k8-fastbuild/bin/external/sonic-swss-common+/pyext/swig_lib/std/std_vector.i:94: Warning 511: Can't use keyword arguments with overloaded functions (std::vector< std::pair< std::string,std::string > >::resize(std::vector< std::pair< std::string,std::string > >::size_type)).
bazel-out/k8-fastbuild/bin/external/sonic-swss-common+/pyext/swig_lib/std/std_vector.i:94: Warning 511: Can't use keyword arguments with overloaded functions (std::vector< std::pair< std::string,std::string > >::erase(std::vector< std::pair< std::string,std::string > >::iterator)).
bazel-out/k8-fastbuild/bin/external/sonic-swss-common+/pyext/swig_lib/std/std_vector.i:94: Warning 511: Can't use keyword arguments with overloaded functions (std::vector< std::pair< std::string,std::string > >::erase(std::vector< std::pair< std::string,std::string > >::iterator,std::vector< std::pair< std::string,std::string > >::iterator)).
bazel-out/k8-fastbuild/bin/external/sonic-swss-common+/pyext/swig_lib/std/std_vector.i:94: Warning 511: Can't use keyword arguments with overloaded functions (std::vector< std::pair< std::string,std::string > >::vector(std::vector< std::pair< std::string,std::string > >::size_type,std::vector< std::pair< std::string,std::string > >::value_type const &)).
bazel-out/k8-fastbuild/bin/external/sonic-swss-common+/pyext/swig_lib/std/std_vector.i:94: Warning 511: Can't use keyword arguments with overloaded functions (std::vector< std::pair< std::string,std::string > >::resize(std::vector< std::pair< std::string,std::string > >::size_type,std::vector< std::pair< std::string,std::string > >::value_type const &)).
bazel-out/k8-fastbuild/bin/external/sonic-swss-common+/pyext/swig_lib/std/std_vector.i:94: Warning 511: Can't use keyword arguments with overloaded functions (std::vector< std::pair< std::string,std::string > >::insert(std::vector< std::pair< std::string,std::string > >::iterator,std::vector< std::pair< std::string,std::string > >::value_type const &)).
bazel-out/k8-fastbuild/bin/external/sonic-swss-common+/pyext/swig_lib/std/std_vector.i:94: Warning 511: Can't use keyword arguments with overloaded functions (std::vector< std::pair< std::string,std::string > >::insert(std::vector< std::pair< std::string,std::string > >::iterator,std::vector< std::pair< std::string,std::string > >::size_type,std::vector< std::pair< std::string,std::string > >::value_type const &)).
bazel-out/k8-fastbuild/bin/external/sonic-swss-common+/pyext/swig_lib/std/std_vector.i:91: Warning 511: Can't use keyword arguments with overloaded functions (std::vector< std::vector< std::pair< std::string,std::string > > >::__setslice__(std::vector< std::vector< std::pair< std::string,std::string > > >::difference_type,std::vector< std::vector< std::pair< std::string,std::string > > >::difference_type)).
bazel-out/k8-fastbuild/bin/external/sonic-swss-common+/pyext/swig_lib/std/std_vector.i:91: Warning 511: Can't use keyword arguments with overloaded functions (std::vector< std::vector< std::pair< std::string,std::string > > >::__setslice__(std::vector< std::vector< std::pair< std::string,std::string > > >::difference_type,std::vector< std::vector< std::pair< std::string,std::string > > >::difference_type,std::vector< std::vector< std::pair< std::string,std::string >,std::allocator< std::pair< std::string,std::string > > >,std::allocator< std::vector< std::pair< std::string,std::string >,std::allocator< std::pair< std::string,std::string > > > > > const &)).
bazel-out/k8-fastbuild/bin/external/sonic-swss-common+/pyext/swig_lib/std/std_vector.i:91: Warning 511: Can't use keyword arguments with overloaded functions (std::vector< std::vector< std::pair< std::string,std::string > > >::__delitem__(std::vector< std::vector< std::pair< std::string,std::string > > >::difference_type)).
bazel-out/k8-fastbuild/bin/external/sonic-swss-common+/pyext/swig_lib/std/std_vector.i:91: Warning 511: Can't use keyword arguments with overloaded functions (std::vector< std::vector< std::pair< std::string,std::string > > >::__getitem__(PySliceObject *)).
bazel-out/k8-fastbuild/bin/external/sonic-swss-common+/pyext/swig_lib/std/std_vector.i:91: Warning 511: Can't use keyword arguments with overloaded functions (std::vector< std::vector< std::pair< std::string,std::string > > >::__setitem__(PySliceObject *,std::vector< std::vector< std::pair< std::string,std::string >,std::allocator< std::pair< std::string,std::string > > >,std::allocator< std::vector< std::pair< std::string,std::string >,std::allocator< std::pair< std::string,std::string > > > > > const &)).
bazel-out/k8-fastbuild/bin/external/sonic-swss-common+/pyext/swig_lib/std/std_vector.i:91: Warning 511: Can't use keyword arguments with overloaded functions (std::vector< std::vector< std::pair< std::string,std::string > > >::__setitem__(PySliceObject *)).
bazel-out/k8-fastbuild/bin/external/sonic-swss-common+/pyext/swig_lib/std/std_vector.i:91: Warning 511: Can't use keyword arguments with overloaded functions (std::vector< std::vector< std::pair< std::string,std::string > > >::__delitem__(PySliceObject *)).
bazel-out/k8-fastbuild/bin/external/sonic-swss-common+/pyext/swig_lib/std/std_vector.i:91: Warning 511: Can't use keyword arguments with overloaded functions (std::vector< std::vector< std::pair< std::string,std::string > > >::__getitem__(std::vector< std::vector< std::pair< std::string,std::string > > >::difference_type) const).
bazel-out/k8-fastbuild/bin/external/sonic-swss-common+/pyext/swig_lib/std/std_vector.i:91: Warning 511: Can't use keyword arguments with overloaded functions (std::vector< std::vector< std::pair< std::string,std::string > > >::__setitem__(std::vector< std::vector< std::pair< std::string,std::string > > >::difference_type,std::vector< std::vector< std::pair< std::string,std::string > > >::value_type const &)).
bazel-out/k8-fastbuild/bin/external/sonic-swss-common+/pyext/swig_lib/std/std_vector.i:94: Warning 511: Can't use keyword arguments with overloaded functions (std::vector< std::vector< std::pair< std::string,std::string > > >::vector(std::vector< std::vector< std::pair< std::string,std::string >,std::allocator< std::pair< std::string,std::string > > > > const &)).
bazel-out/k8-fastbuild/bin/external/sonic-swss-common+/pyext/swig_lib/std/std_vector.i:94: Warning 511: Can't use keyword arguments with overloaded functions (std::vector< std::vector< std::pair< std::string,std::string > > >::vector(std::vector< std::vector< std::pair< std::string,std::string > > >::size_type)).
bazel-out/k8-fastbuild/bin/external/sonic-swss-common+/pyext/swig_lib/std/std_vector.i:94: Warning 511: Can't use keyword arguments with overloaded functions (std::vector< std::vector< std::pair< std::string,std::string > > >::resize(std::vector< std::vector< std::pair< std::string,std::string > > >::size_type)).
bazel-out/k8-fastbuild/bin/external/sonic-swss-common+/pyext/swig_lib/std/std_vector.i:94: Warning 511: Can't use keyword arguments with overloaded functions (std::vector< std::vector< std::pair< std::string,std::string > > >::erase(std::vector< std::vector< std::pair< std::string,std::string > > >::iterator)).
bazel-out/k8-fastbuild/bin/external/sonic-swss-common+/pyext/swig_lib/std/std_vector.i:94: Warning 511: Can't use keyword arguments with overloaded functions (std::vector< std::vector< std::pair< std::string,std::string > > >::erase(std::vector< std::vector< std::pair< std::string,std::string > > >::iterator,std::vector< std::vector< std::pair< std::string,std::string > > >::iterator)).
bazel-out/k8-fastbuild/bin/external/sonic-swss-common+/pyext/swig_lib/std/std_vector.i:94: Warning 511: Can't use keyword arguments with overloaded functions (std::vector< std::vector< std::pair< std::string,std::string > > >::vector(std::vector< std::vector< std::pair< std::string,std::string > > >::size_type,std::vector< std::vector< std::pair< std::string,std::string > > >::value_type const &)).
bazel-out/k8-fastbuild/bin/external/sonic-swss-common+/pyext/swig_lib/std/std_vector.i:94: Warning 511: Can't use keyword arguments with overloaded functions (std::vector< std::vector< std::pair< std::string,std::string > > >::resize(std::vector< std::vector< std::pair< std::string,std::string > > >::size_type,std::vector< std::vector< std::pair< std::string,std::string > > >::value_type const &)).
bazel-out/k8-fastbuild/bin/external/sonic-swss-common+/pyext/swig_lib/std/std_vector.i:94: Warning 511: Can't use keyword arguments with overloaded functions (std::vector< std::vector< std::pair< std::string,std::string > > >::insert(std::vector< std::vector< std::pair< std::string,std::string > > >::iterator,std::vector< std::vector< std::pair< std::string,std::string > > >::value_type const &)).
bazel-out/k8-fastbuild/bin/external/sonic-swss-common+/pyext/swig_lib/std/std_vector.i:94: Warning 511: Can't use keyword arguments with overloaded functions (std::vector< std::vector< std::pair< std::string,std::string > > >::insert(std::vector< std::vector< std::pair< std::string,std::string > > >::iterator,std::vector< std::vector< std::pair< std::string,std::string > > >::size_type,std::vector< std::vector< std::pair< std::string,std::string > > >::value_type const &)).
bazel-out/k8-fastbuild/bin/external/sonic-swss-common+/pyext/swig_lib/std/std_map.i:115: Warning 511: Can't use keyword arguments with overloaded functions (std::map< std::string,std::string >::map(std::less< std::string > const &)).
bazel-out/k8-fastbuild/bin/external/sonic-swss-common+/pyext/swig_lib/std/std_map.i:119: Warning 511: Can't use keyword arguments with overloaded functions (std::map< std::string,std::string >::__setitem__(std::map< std::string,std::string >::key_type const &)).
bazel-out/k8-fastbuild/bin/external/sonic-swss-common+/pyext/swig_lib/std/std_map.i:119: Warning 511: Can't use keyword arguments with overloaded functions (std::map< std::string,std::string >::__setitem__(std::map< std::string,std::string >::key_type const &,std::map< std::string,std::string >::mapped_type const &)).
bazel-out/k8-fastbuild/bin/external/sonic-swss-common+/pyext/swig_lib/std/std_map.i:122: Warning 511: Can't use keyword arguments with overloaded functions (std::map< std::string,std::string >::map(std::map< std::string,std::string > const &)).
bazel-out/k8-fastbuild/bin/external/sonic-swss-common+/pyext/swig_lib/std/std_map.i:122: Warning 511: Can't use keyword arguments with overloaded functions (std::map< std::string,std::string >::erase(std::map< std::string,std::string >::key_type const &)).
bazel-out/k8-fastbuild/bin/external/sonic-swss-common+/pyext/swig_lib/std/std_map.i:122: Warning 511: Can't use keyword arguments with overloaded functions (std::map< std::string,std::string >::erase(std::map< std::string,std::string >::iterator)).
bazel-out/k8-fastbuild/bin/external/sonic-swss-common+/pyext/swig_lib/std/std_map.i:122: Warning 511: Can't use keyword arguments with overloaded functions (std::map< std::string,std::string >::erase(std::map< std::string,std::string >::iterator,std::map< std::string,std::string >::iterator)).
bazel-out/k8-fastbuild/bin/external/sonic-swss-common+/pyext/swig_lib/std/std_vector.i:91: Warning 511: Can't use keyword arguments with overloaded functions (std::vector< std::string >::__setslice__(std::vector< std::string >::difference_type,std::vector< std::string >::difference_type)).
bazel-out/k8-fastbuild/bin/external/sonic-swss-common+/pyext/swig_lib/std/std_vector.i:91: Warning 511: Can't use keyword arguments with overloaded functions (std::vector< std::string >::__setslice__(std::vector< std::string >::difference_type,std::vector< std::string >::difference_type,std::vector< std::string,std::allocator< std::string > > const &)).
bazel-out/k8-fastbuild/bin/external/sonic-swss-common+/pyext/swig_lib/std/std_vector.i:91: Warning 511: Can't use keyword arguments with overloaded functions (std::vector< std::string >::__delitem__(std::vector< std::string >::difference_type)).
bazel-out/k8-fastbuild/bin/external/sonic-swss-common+/pyext/swig_lib/std/std_vector.i:91: Warning 511: Can't use keyword arguments with overloaded functions (std::vector< std::string >::__getitem__(PySliceObject *)).
bazel-out/k8-fastbuild/bin/external/sonic-swss-common+/pyext/swig_lib/std/std_vector.i:91: Warning 511: Can't use keyword arguments with overloaded functions (std::vector< std::string >::__setitem__(PySliceObject *,std::vector< std::string,std::allocator< std::string > > const &)).
bazel-out/k8-fastbuild/bin/external/sonic-swss-common+/pyext/swig_lib/std/std_vector.i:91: Warning 511: Can't use keyword arguments with overloaded functions (std::vector< std::string >::__setitem__(PySliceObject *)).
bazel-out/k8-fastbuild/bin/external/sonic-swss-common+/pyext/swig_lib/std/std_vector.i:91: Warning 511: Can't use keyword arguments with overloaded functions (std::vector< std::string >::__delitem__(PySliceObject *)).
bazel-out/k8-fastbuild/bin/external/sonic-swss-common+/pyext/swig_lib/std/std_vector.i:91: Warning 511: Can't use keyword arguments with overloaded functions (std::vector< std::string >::__getitem__(std::vector< std::string >::difference_type) const).
bazel-out/k8-fastbuild/bin/external/sonic-swss-common+/pyext/swig_lib/std/std_vector.i:91: Warning 511: Can't use keyword arguments with overloaded functions (std::vector< std::string >::__setitem__(std::vector< std::string >::difference_type,std::vector< std::string >::value_type const &)).
bazel-out/k8-fastbuild/bin/external/sonic-swss-common+/pyext/swig_lib/std/std_vector.i:94: Warning 511: Can't use keyword arguments with overloaded functions (std::vector< std::string >::vector(std::vector< std::string > const &)).
bazel-out/k8-fastbuild/bin/external/sonic-swss-common+/pyext/swig_lib/std/std_vector.i:94: Warning 511: Can't use keyword arguments with overloaded functions (std::vector< std::string >::vector(std::vector< std::string >::size_type)).
bazel-out/k8-fastbuild/bin/external/sonic-swss-common+/pyext/swig_lib/std/std_vector.i:94: Warning 511: Can't use keyword arguments with overloaded functions (std::vector< std::string >::resize(std::vector< std::string >::size_type)).
bazel-out/k8-fastbuild/bin/external/sonic-swss-common+/pyext/swig_lib/std/std_vector.i:94: Warning 511: Can't use keyword arguments with overloaded functions (std::vector< std::string >::erase(std::vector< std::string >::iterator)).
bazel-out/k8-fastbuild/bin/external/sonic-swss-common+/pyext/swig_lib/std/std_vector.i:94: Warning 511: Can't use keyword arguments with overloaded functions (std::vector< std::string >::erase(std::vector< std::string >::iterator,std::vector< std::string >::iterator)).
bazel-out/k8-fastbuild/bin/external/sonic-swss-common+/pyext/swig_lib/std/std_vector.i:94: Warning 511: Can't use keyword arguments with overloaded functions (std::vector< std::string >::vector(std::vector< std::string >::size_type,std::vector< std::string >::value_type const &)).
bazel-out/k8-fastbuild/bin/external/sonic-swss-common+/pyext/swig_lib/std/std_vector.i:94: Warning 511: Can't use keyword arguments with overloaded functions (std::vector< std::string >::resize(std::vector< std::string >::size_type,std::vector< std::string >::value_type const &)).
bazel-out/k8-fastbuild/bin/external/sonic-swss-common+/pyext/swig_lib/std/std_vector.i:94: Warning 511: Can't use keyword arguments with overloaded functions (std::vector< std::string >::insert(std::vector< std::string >::iterator,std::vector< std::string >::value_type const &)).
bazel-out/k8-fastbuild/bin/external/sonic-swss-common+/pyext/swig_lib/std/std_vector.i:94: Warning 511: Can't use keyword arguments with overloaded functions (std::vector< std::string >::insert(std::vector< std::string >::iterator,std::vector< std::string >::size_type,std::vector< std::string >::value_type const &)).
bazel-out/k8-fastbuild/bin/external/sonic-swss-common+/pyext/swig_lib/std/std_pair.i:37: Warning 511: Can't use keyword arguments with overloaded functions (std::pair< int64_t,std::vector< std::string > >::pair(long,std::vector< std::string,std::allocator< std::string > >)).
bazel-out/k8-fastbuild/bin/external/sonic-swss-common+/pyext/swig_lib/std/std_pair.i:38: Warning 511: Can't use keyword arguments with overloaded functions (std::pair< int64_t,std::vector< std::string > >::pair(std::pair< int64_t,std::vector< std::string,std::allocator< std::string > > > const &)).
bazel-out/k8-fastbuild/bin/external/sonic-swss-common+/pyext/swig_lib/std/std_map.i:115: Warning 511: Can't use keyword arguments with overloaded functions (std::map< std::string,std::map< std::string,std::string > >::map(std::less< std::string > const &)).
bazel-out/k8-fastbuild/bin/external/sonic-swss-common+/pyext/swig_lib/std/std_map.i:119: Warning 511: Can't use keyword arguments with overloaded functions (std::map< std::string,std::map< std::string,std::string > >::__setitem__(std::map< std::string,std::map< std::string,std::string > >::key_type const &)).
bazel-out/k8-fastbuild/bin/external/sonic-swss-common+/pyext/swig_lib/std/std_map.i:119: Warning 511: Can't use keyword arguments with overloaded functions (std::map< std::string,std::map< std::string,std::string > >::__setitem__(std::map< std::string,std::map< std::string,std::string > >::key_type const &,std::map< std::string,std::map< std::string,std::string > >::mapped_type const &)).
bazel-out/k8-fastbuild/bin/external/sonic-swss-common+/pyext/swig_lib/std/std_map.i:122: Warning 511: Can't use keyword arguments with overloaded functions (std::map< std::string,std::map< std::string,std::string > >::map(std::map< std::string,std::map< std::string,std::string,std::less< std::string >,std::allocator< std::pair< std::string const,std::string > > > > const &)).
bazel-out/k8-fastbuild/bin/external/sonic-swss-common+/pyext/swig_lib/std/std_map.i:122: Warning 511: Can't use keyword arguments with overloaded functions (std::map< std::string,std::map< std::string,std::string > >::erase(std::map< std::string,std::map< std::string,std::string > >::key_type const &)).
bazel-out/k8-fastbuild/bin/external/sonic-swss-common+/pyext/swig_lib/std/std_map.i:122: Warning 511: Can't use keyword arguments with overloaded functions (std::map< std::string,std::map< std::string,std::string > >::erase(std::map< std::string,std::map< std::string,std::string > >::iterator)).
bazel-out/k8-fastbuild/bin/external/sonic-swss-common+/pyext/swig_lib/std/std_map.i:122: Warning 511: Can't use keyword arguments with overloaded functions (std::map< std::string,std::map< std::string,std::string > >::erase(std::map< std::string,std::map< std::string,std::string > >::iterator,std::map< std::string,std::map< std::string,std::string > >::iterator)).
bazel-out/k8-fastbuild/bin/external/sonic-swss-common+/pyext/swig_lib/std/std_map.i:115: Warning 511: Can't use keyword arguments with overloaded functions (std::map< std::string,std::map< std::string,std::map< std::string,std::string > > >::map(std::less< std::string > const &)).
bazel-out/k8-fastbuild/bin/external/sonic-swss-common+/pyext/swig_lib/std/std_map.i:119: Warning 511: Can't use keyword arguments with overloaded functions (std::map< std::string,std::map< std::string,std::map< std::string,std::string > > >::__setitem__(std::map< std::string,std::map< std::string,std::map< std::string,std::string > > >::key_type const &)).
bazel-out/k8-fastbuild/bin/external/sonic-swss-common+/pyext/swig_lib/std/std_map.i:119: Warning 511: Can't use keyword arguments with overloaded functions (std::map< std::string,std::map< std::string,std::map< std::string,std::string > > >::__setitem__(std::map< std::string,std::map< std::string,std::map< std::string,std::string > > >::key_type const &,std::map< std::string,std::map< std::string,std::map< std::string,std::string > > >::mapped_type const &)).
bazel-out/k8-fastbuild/bin/external/sonic-swss-common+/pyext/swig_lib/std/std_map.i:122: Warning 511: Can't use keyword arguments with overloaded functions (std::map< std::string,std::map< std::string,std::map< std::string,std::string > > >::map(std::map< std::string,std::map< std::string,std::map< std::string,std::string,std::less< std::string >,std::allocator< std::pair< std::string const,std::string > > >,std::less< std::string >,std::allocator< std::pair< std::string const,std::map< std::string,std::string,std::less< std::string >,std::allocator< std::pair< std::string const,std::string > > > > > > > const &)).
bazel-out/k8-fastbuild/bin/external/sonic-swss-common+/pyext/swig_lib/std/std_map.i:122: Warning 511: Can't use keyword arguments with overloaded functions (std::map< std::string,std::map< std::string,std::map< std::string,std::string > > >::erase(std::map< std::string,std::map< std::string,std::map< std::string,std::string > > >::key_type const &)).
bazel-out/k8-fastbuild/bin/external/sonic-swss-common+/pyext/swig_lib/std/std_map.i:122: Warning 511: Can't use keyword arguments with overloaded functions (std::map< std::string,std::map< std::string,std::map< std::string,std::string > > >::erase(std::map< std::string,std::map< std::string,std::map< std::string,std::string > > >::iterator)).
bazel-out/k8-fastbuild/bin/external/sonic-swss-common+/pyext/swig_lib/std/std_map.i:122: Warning 511: Can't use keyword arguments with overloaded functions (std::map< std::string,std::map< std::string,std::map< std::string,std::string > > >::erase(std::map< std::string,std::map< std::string,std::map< std::string,std::string > > >::iterator,std::map< std::string,std::map< std::string,std::map< std::string,std::string > > >::iterator)).
bazel-out/k8-fastbuild/bin/external/sonic-swss-common+/pyext/swig_lib/std/std_map.i:115: Warning 511: Can't use keyword arguments with overloaded functions (std::map< std::string,swss::RedisInstInfo >::map(std::less< std::string > const &)).
bazel-out/k8-fastbuild/bin/external/sonic-swss-common+/pyext/swig_lib/std/std_map.i:119: Warning 511: Can't use keyword arguments with overloaded functions (std::map< std::string,swss::RedisInstInfo >::__setitem__(std::map< std::string,swss::RedisInstInfo >::key_type const &)).
bazel-out/k8-fastbuild/bin/external/sonic-swss-common+/pyext/swig_lib/std/std_map.i:119: Warning 511: Can't use keyword arguments with overloaded functions (std::map< std::string,swss::RedisInstInfo >::__setitem__(std::map< std::string,swss::RedisInstInfo >::key_type const &,std::map< std::string,swss::RedisInstInfo >::mapped_type const &)).
bazel-out/k8-fastbuild/bin/external/sonic-swss-common+/pyext/swig_lib/std/std_map.i:122: Warning 511: Can't use keyword arguments with overloaded functions (std::map< std::string,swss::RedisInstInfo >::map(std::map< std::string,swss::RedisInstInfo > const &)).
bazel-out/k8-fastbuild/bin/external/sonic-swss-common+/pyext/swig_lib/std/std_map.i:122: Warning 511: Can't use keyword arguments with overloaded functions (std::map< std::string,swss::RedisInstInfo >::erase(std::map< std::string,swss::RedisInstInfo >::key_type const &)).
bazel-out/k8-fastbuild/bin/external/sonic-swss-common+/pyext/swig_lib/std/std_map.i:122: Warning 511: Can't use keyword arguments with overloaded functions (std::map< std::string,swss::RedisInstInfo >::erase(std::map< std::string,swss::RedisInstInfo >::iterator)).
bazel-out/k8-fastbuild/bin/external/sonic-swss-common+/pyext/swig_lib/std/std_map.i:122: Warning 511: Can't use keyword arguments with overloaded functions (std::map< std::string,swss::RedisInstInfo >::erase(std::map< std::string,swss::RedisInstInfo >::iterator,std::map< std::string,swss::RedisInstInfo >::iterator)).
bazel-out/k8-fastbuild/bin/external/sonic-swss-common+/pyext/swig_lib/std/std_deque.i:83: Warning 511: Can't use keyword arguments with overloaded functions (std::deque< std::tuple< std::string,std::string,std::vector< std::pair< std::string,std::string > > > >::__setslice__(std::deque< std::tuple< std::string,std::string,std::vector< std::pair< std::string,std::string > > > >::difference_type,std::deque< std::tuple< std::string,std::string,std::vector< std::pair< std::string,std::string > > > >::difference_type)).
bazel-out/k8-fastbuild/bin/external/sonic-swss-common+/pyext/swig_lib/std/std_deque.i:83: Warning 511: Can't use keyword arguments with overloaded functions (std::deque< std::tuple< std::string,std::string,std::vector< std::pair< std::string,std::string > > > >::__setslice__(std::deque< std::tuple< std::string,std::string,std::vector< std::pair< std::string,std::string > > > >::difference_type,std::deque< std::tuple< std::string,std::string,std::vector< std::pair< std::string,std::string > > > >::difference_type,std::deque< std::tuple< std::string,std::string,std::vector< std::pair< std::string,std::string >,std::allocator< std::pair< std::string,std::string > > > >,std::allocator< std::tuple< std::string,std::string,std::vector< std::pair< std::string,std::string >,std::allocator< std::pair< std::string,std::string > > > > > > const &)).
bazel-out/k8-fastbuild/bin/external/sonic-swss-common+/pyext/swig_lib/std/std_deque.i:83: Warning 511: Can't use keyword arguments with overloaded functions (std::deque< std::tuple< std::string,std::string,std::vector< std::pair< std::string,std::string > > > >::__delitem__(std::deque< std::tuple< std::string,std::string,std::vector< std::pair< std::string,std::string > > > >::difference_type)).
bazel-out/k8-fastbuild/bin/external/sonic-swss-common+/pyext/swig_lib/std/std_deque.i:83: Warning 511: Can't use keyword arguments with overloaded functions (std::deque< std::tuple< std::string,std::string,std::vector< std::pair< std::string,std::string > > > >::__getitem__(PySliceObject *)).
bazel-out/k8-fastbuild/bin/external/sonic-swss-common+/pyext/swig_lib/std/std_deque.i:83: Warning 511: Can't use keyword arguments with overloaded functions (std::deque< std::tuple< std::string,std::string,std::vector< std::pair< std::string,std::string > > > >::__setitem__(PySliceObject *,std::deque< std::tuple< std::string,std::string,std::vector< std::pair< std::string,std::string >,std::allocator< std::pair< std::string,std::string > > > >,std::allocator< std::tuple< std::string,std::string,std::vector< std::pair< std::string,std::string >,std::allocator< std::pair< std::string,std::string > > > > > > const &)).
bazel-out/k8-fastbuild/bin/external/sonic-swss-common+/pyext/swig_lib/std/std_deque.i:83: Warning 511: Can't use keyword arguments with overloaded functions (std::deque< std::tuple< std::string,std::string,std::vector< std::pair< std::string,std::string > > > >::__setitem__(PySliceObject *)).
bazel-out/k8-fastbuild/bin/external/sonic-swss-common+/pyext/swig_lib/std/std_deque.i:83: Warning 511: Can't use keyword arguments with overloaded functions (std::deque< std::tuple< std::string,std::string,std::vector< std::pair< std::string,std::string > > > >::__delitem__(PySliceObject *)).
bazel-out/k8-fastbuild/bin/external/sonic-swss-common+/pyext/swig_lib/std/std_deque.i:83: Warning 511: Can't use keyword arguments with overloaded functions (std::deque< std::tuple< std::string,std::string,std::vector< std::pair< std::string,std::string > > > >::__getitem__(std::deque< std::tuple< std::string,std::string,std::vector< std::pair< std::string,std::string > > > >::difference_type) const).
bazel-out/k8-fastbuild/bin/external/sonic-swss-common+/pyext/swig_lib/std/std_deque.i:83: Warning 511: Can't use keyword arguments with overloaded functions (std::deque< std::tuple< std::string,std::string,std::vector< std::pair< std::string,std::string > > > >::__setitem__(std::deque< std::tuple< std::string,std::string,std::vector< std::pair< std::string,std::string > > > >::difference_type,std::deque< std::tuple< std::string,std::string,std::vector< std::pair< std::string,std::string > > > >::value_type const &)).
bazel-out/k8-fastbuild/bin/external/sonic-swss-common+/pyext/swig_lib/std/std_deque.i:86: Warning 511: Can't use keyword arguments with overloaded functions (std::deque< std::tuple< std::string,std::string,std::vector< std::pair< std::string,std::string > > > >::deque(std::deque< std::tuple< std::string,std::string,std::vector< std::pair< std::string,std::string >,std::allocator< std::pair< std::string,std::string > > > > > const &)).
bazel-out/k8-fastbuild/bin/external/sonic-swss-common+/pyext/swig_lib/std/std_deque.i:86: Warning 511: Can't use keyword arguments with overloaded functions (std::deque< std::tuple< std::string,std::string,std::vector< std::pair< std::string,std::string > > > >::deque(std::deque< std::tuple< std::string,std::string,std::vector< std::pair< std::string,std::string > > > >::size_type)).
bazel-out/k8-fastbuild/bin/external/sonic-swss-common+/pyext/swig_lib/std/std_deque.i:86: Warning 511: Can't use keyword arguments with overloaded functions (std::deque< std::tuple< std::string,std::string,std::vector< std::pair< std::string,std::string > > > >::resize(std::deque< std::tuple< std::string,std::string,std::vector< std::pair< std::string,std::string > > > >::size_type)).
bazel-out/k8-fastbuild/bin/external/sonic-swss-common+/pyext/swig_lib/std/std_deque.i:86: Warning 511: Can't use keyword arguments with overloaded functions (std::deque< std::tuple< std::string,std::string,std::vector< std::pair< std::string,std::string > > > >::erase(std::deque< std::tuple< std::string,std::string,std::vector< std::pair< std::string,std::string > > > >::iterator)).
bazel-out/k8-fastbuild/bin/external/sonic-swss-common+/pyext/swig_lib/std/std_deque.i:86: Warning 511: Can't use keyword arguments with overloaded functions (std::deque< std::tuple< std::string,std::string,std::vector< std::pair< std::string,std::string > > > >::erase(std::deque< std::tuple< std::string,std::string,std::vector< std::pair< std::string,std::string > > > >::iterator,std::deque< std::tuple< std::string,std::string,std::vector< std::pair< std::string,std::string > > > >::iterator)).
bazel-out/k8-fastbuild/bin/external/sonic-swss-common+/pyext/swig_lib/std/std_deque.i:86: Warning 511: Can't use keyword arguments with overloaded functions (std::deque< std::tuple< std::string,std::string,std::vector< std::pair< std::string,std::string > > > >::deque(std::deque< std::tuple< std::string,std::string,std::vector< std::pair< std::string,std::string > > > >::size_type,std::deque< std::tuple< std::string,std::string,std::vector< std::pair< std::string,std::string > > > >::value_type const &)).
bazel-out/k8-fastbuild/bin/external/sonic-swss-common+/pyext/swig_lib/std/std_deque.i:86: Warning 511: Can't use keyword arguments with overloaded functions (std::deque< std::tuple< std::string,std::string,std::vector< std::pair< std::string,std::string > > > >::resize(std::deque< std::tuple< std::string,std::string,std::vector< std::pair< std::string,std::string > > > >::size_type,std::deque< std::tuple< std::string,std::string,std::vector< std::pair< std::string,std::string > > > >::value_type const &)).
bazel-out/k8-fastbuild/bin/external/sonic-swss-common+/pyext/swig_lib/std/std_deque.i:86: Warning 511: Can't use keyword arguments with overloaded functions (std::deque< std::tuple< std::string,std::string,std::vector< std::pair< std::string,std::string > > > >::insert(std::deque< std::tuple< std::string,std::string,std::vector< std::pair< std::string,std::string > > > >::iterator,std::deque< std::tuple< std::string,std::string,std::vector< std::pair< std::string,std::string > > > >::value_type const &)).
bazel-out/k8-fastbuild/bin/external/sonic-swss-common+/pyext/swig_lib/std/std_deque.i:86: Warning 511: Can't use keyword arguments with overloaded functions (std::deque< std::tuple< std::string,std::string,std::vector< std::pair< std::string,std::string > > > >::insert(std::deque< std::tuple< std::string,std::string,std::vector< std::pair< std::string,std::string > > > >::iterator,std::deque< std::tuple< std::string,std::string,std::vector< std::pair< std::string,std::string > > > >::size_type,std::deque< std::tuple< std::string,std::string,std::vector< std::pair< std::string,std::string > > > >::value_type const &)).
bazel-out/k8-fastbuild/bin/external/sonic-swss-common+/pyext/swig_lib/std/std_vector.i:91: Warning 511: Can't use keyword arguments with overloaded functions (std::vector< swss::SonicDBKey >::__setslice__(std::vector< swss::SonicDBKey >::difference_type,std::vector< swss::SonicDBKey >::difference_type)).
bazel-out/k8-fastbuild/bin/external/sonic-swss-common+/pyext/swig_lib/std/std_vector.i:91: Warning 511: Can't use keyword arguments with overloaded functions (std::vector< swss::SonicDBKey >::__setslice__(std::vector< swss::SonicDBKey >::difference_type,std::vector< swss::SonicDBKey >::difference_type,std::vector< swss::SonicDBKey,std::allocator< swss::SonicDBKey > > const &)).
bazel-out/k8-fastbuild/bin/external/sonic-swss-common+/pyext/swig_lib/std/std_vector.i:91: Warning 511: Can't use keyword arguments with overloaded functions (std::vector< swss::SonicDBKey >::__delitem__(std::vector< swss::SonicDBKey >::difference_type)).
bazel-out/k8-fastbuild/bin/external/sonic-swss-common+/pyext/swig_lib/std/std_vector.i:91: Warning 511: Can't use keyword arguments with overloaded functions (std::vector< swss::SonicDBKey >::__getitem__(PySliceObject *)).
bazel-out/k8-fastbuild/bin/external/sonic-swss-common+/pyext/swig_lib/std/std_vector.i:91: Warning 511: Can't use keyword arguments with overloaded functions (std::vector< swss::SonicDBKey >::__setitem__(PySliceObject *,std::vector< swss::SonicDBKey,std::allocator< swss::SonicDBKey > > const &)).
bazel-out/k8-fastbuild/bin/external/sonic-swss-common+/pyext/swig_lib/std/std_vector.i:91: Warning 511: Can't use keyword arguments with overloaded functions (std::vector< swss::SonicDBKey >::__setitem__(PySliceObject *)).
bazel-out/k8-fastbuild/bin/external/sonic-swss-common+/pyext/swig_lib/std/std_vector.i:91: Warning 511: Can't use keyword arguments with overloaded functions (std::vector< swss::SonicDBKey >::__delitem__(PySliceObject *)).
bazel-out/k8-fastbuild/bin/external/sonic-swss-common+/pyext/swig_lib/std/std_vector.i:91: Warning 511: Can't use keyword arguments with overloaded functions (std::vector< swss::SonicDBKey >::__getitem__(std::vector< swss::SonicDBKey >::difference_type) const).
bazel-out/k8-fastbuild/bin/external/sonic-swss-common+/pyext/swig_lib/std/std_vector.i:91: Warning 511: Can't use keyword arguments with overloaded functions (std::vector< swss::SonicDBKey >::__setitem__(std::vector< swss::SonicDBKey >::difference_type,std::vector< swss::SonicDBKey >::value_type const &)).
bazel-out/k8-fastbuild/bin/external/sonic-swss-common+/pyext/swig_lib/std/std_vector.i:94: Warning 511: Can't use keyword arguments with overloaded functions (std::vector< swss::SonicDBKey >::vector(std::vector< swss::SonicDBKey > const &)).
bazel-out/k8-fastbuild/bin/external/sonic-swss-common+/pyext/swig_lib/std/std_vector.i:94: Warning 511: Can't use keyword arguments with overloaded functions (std::vector< swss::SonicDBKey >::vector(std::vector< swss::SonicDBKey >::size_type)).
bazel-out/k8-fastbuild/bin/external/sonic-swss-common+/pyext/swig_lib/std/std_vector.i:94: Warning 511: Can't use keyword arguments with overloaded functions (std::vector< swss::SonicDBKey >::resize(std::vector< swss::SonicDBKey >::size_type)).
bazel-out/k8-fastbuild/bin/external/sonic-swss-common+/pyext/swig_lib/std/std_vector.i:94: Warning 511: Can't use keyword arguments with overloaded functions (std::vector< swss::SonicDBKey >::erase(std::vector< swss::SonicDBKey >::iterator)).
bazel-out/k8-fastbuild/bin/external/sonic-swss-common+/pyext/swig_lib/std/std_vector.i:94: Warning 511: Can't use keyword arguments with overloaded functions (std::vector< swss::SonicDBKey >::erase(std::vector< swss::SonicDBKey >::iterator,std::vector< swss::SonicDBKey >::iterator)).
bazel-out/k8-fastbuild/bin/external/sonic-swss-common+/pyext/swig_lib/std/std_vector.i:94: Warning 511: Can't use keyword arguments with overloaded functions (std::vector< swss::SonicDBKey >::vector(std::vector< swss::SonicDBKey >::size_type,std::vector< swss::SonicDBKey >::value_type const &)).
bazel-out/k8-fastbuild/bin/external/sonic-swss-common+/pyext/swig_lib/std/std_vector.i:94: Warning 511: Can't use keyword arguments with overloaded functions (std::vector< swss::SonicDBKey >::resize(std::vector< swss::SonicDBKey >::size_type,std::vector< swss::SonicDBKey >::value_type const &)).
bazel-out/k8-fastbuild/bin/external/sonic-swss-common+/pyext/swig_lib/std/std_vector.i:94: Warning 511: Can't use keyword arguments with overloaded functions (std::vector< swss::SonicDBKey >::insert(std::vector< swss::SonicDBKey >::iterator,std::vector< swss::SonicDBKey >::value_type const &)).
bazel-out/k8-fastbuild/bin/external/sonic-swss-common+/pyext/swig_lib/std/std_vector.i:94: Warning 511: Can't use keyword arguments with overloaded functions (std::vector< swss::SonicDBKey >::insert(std::vector< swss::SonicDBKey >::iterator,std::vector< swss::SonicDBKey >::size_type,std::vector< swss::SonicDBKey >::value_type const &)).
external/sonic-swss-common+/common/dbconnector.h:55: Warning 511: Can't use keyword arguments with overloaded functions (swss::SonicDBKey::SonicDBKey(std::string const &)).
external/sonic-swss-common+/common/dbconnector.h:114: Warning 511: Can't use keyword arguments with overloaded functions (swss::SonicDBConfig::getDbInst(std::string const &,std::string const &,std::string const &)).
external/sonic-swss-common+/common/dbconnector.h:115: Warning 511: Can't use keyword arguments with overloaded functions (swss::SonicDBConfig::getDbInst(std::string const &,swss::SonicDBKey const &)).
external/sonic-swss-common+/common/dbconnector.h:116: Warning 511: Can't use keyword arguments with overloaded functions (swss::SonicDBConfig::getDbId(std::string const &,std::string const &,std::string const &)).
external/sonic-swss-common+/common/dbconnector.h:117: Warning 511: Can't use keyword arguments with overloaded functions (swss::SonicDBConfig::getDbId(std::string const &,swss::SonicDBKey const &)).
external/sonic-swss-common+/common/dbconnector.h:118: Warning 511: Can't use keyword arguments with overloaded functions (swss::SonicDBConfig::getSeparator(std::string const &,std::string const &,std::string const &)).
external/sonic-swss-common+/common/dbconnector.h:119: Warning 511: Can't use keyword arguments with overloaded functions (swss::SonicDBConfig::getSeparator(std::string const &,swss::SonicDBKey const &)).
external/sonic-swss-common+/common/dbconnector.h:120: Warning 511: Can't use keyword arguments with overloaded functions (swss::SonicDBConfig::getSeparator(int,std::string const &,std::string const &)).
external/sonic-swss-common+/common/dbconnector.h:121: Warning 511: Can't use keyword arguments with overloaded functions (swss::SonicDBConfig::getSeparator(int,swss::SonicDBKey const &)).
external/sonic-swss-common+/common/dbconnector.h:122: Warning 511: Can't use keyword arguments with overloaded functions (swss::SonicDBConfig::getSeparator(swss::DBConnector const *)).
external/sonic-swss-common+/common/dbconnector.h:123: Warning 511: Can't use keyword arguments with overloaded functions (swss::SonicDBConfig::getDbSock(std::string const &,std::string const &,std::string const &)).
external/sonic-swss-common+/common/dbconnector.h:124: Warning 511: Can't use keyword arguments with overloaded functions (swss::SonicDBConfig::getDbSock(std::string const &,swss::SonicDBKey const &)).
external/sonic-swss-common+/common/dbconnector.h:125: Warning 511: Can't use keyword arguments with overloaded functions (swss::SonicDBConfig::getDbHostname(std::string const &,std::string const &,std::string const &)).
external/sonic-swss-common+/common/dbconnector.h:126: Warning 511: Can't use keyword arguments with overloaded functions (swss::SonicDBConfig::getDbHostname(std::string const &,swss::SonicDBKey const &)).
external/sonic-swss-common+/common/dbconnector.h:127: Warning 511: Can't use keyword arguments with overloaded functions (swss::SonicDBConfig::getDbPort(std::string const &,std::string const &,std::string const &)).
external/sonic-swss-common+/common/dbconnector.h:128: Warning 511: Can't use keyword arguments with overloaded functions (swss::SonicDBConfig::getDbPort(std::string const &,swss::SonicDBKey const &)).
external/sonic-swss-common+/common/dbconnector.h:140: Warning 511: Can't use keyword arguments with overloaded functions (swss::SonicDBConfig::getDbList(std::string const &,std::string const &)).
external/sonic-swss-common+/common/dbconnector.h:141: Warning 511: Can't use keyword arguments with overloaded functions (swss::SonicDBConfig::getDbList(swss::SonicDBKey const &)).
external/sonic-swss-common+/common/dbconnector.h:144: Warning 511: Can't use keyword arguments with overloaded functions (swss::SonicDBConfig::getInstanceList(std::string const &,std::string const &)).
external/sonic-swss-common+/common/dbconnector.h:145: Warning 511: Can't use keyword arguments with overloaded functions (swss::SonicDBConfig::getInstanceList(swss::SonicDBKey const &)).
external/sonic-swss-common+/common/dbconnector.h:215: Warning 511: Can't use keyword arguments with overloaded functions (swss::DBConnector::DBConnector(swss::DBConnector const &)).
external/sonic-swss-common+/common/dbconnector.h:216: Warning 511: Can't use keyword arguments with overloaded functions (swss::DBConnector::DBConnector(int,swss::RedisContext const &)).
external/sonic-swss-common+/common/dbconnector.h:217: Warning 511: Can't use keyword arguments with overloaded functions (swss::DBConnector::DBConnector(int,std::string const &,int,unsigned int)).
external/sonic-swss-common+/common/dbconnector.h:218: Warning 511: Can't use keyword arguments with overloaded functions (swss::DBConnector::DBConnector(int,std::string const &,unsigned int)).
external/sonic-swss-common+/common/dbconnector.h:219: Warning 511: Can't use keyword arguments with overloaded functions (swss::DBConnector::DBConnector(std::string const &,unsigned int,bool)).
external/sonic-swss-common+/common/dbconnector.h:220: Warning 511: Can't use keyword arguments with overloaded functions (swss::DBConnector::DBConnector(std::string const &,unsigned int,bool,std::string const &)).
external/sonic-swss-common+/common/dbconnector.h:221: Warning 511: Can't use keyword arguments with overloaded functions (swss::DBConnector::DBConnector(std::string const &,unsigned int,bool,swss::SonicDBKey const &)).
external/sonic-swss-common+/common/dbconnector.h:245: Warning 511: Can't use keyword arguments with overloaded functions (swss::DBConnector::del(std::string const &)).
external/sonic-swss-common+/common/dbconnector.h:260: Warning 511: Can't use keyword arguments with overloaded functions (swss::DBConnector::hdel(std::string const &,std::string const &)).
external/sonic-swss-common+/common/dbconnector.h:262: Warning 511: Can't use keyword arguments with overloaded functions (swss::DBConnector::hdel(std::string const &,std::vector< std::string,std::allocator< std::string > > const &)).
external/sonic-swss-common+/common/dbconnector.h:264: Warning 511: Can't use keyword arguments with overloaded functions (swss::DBConnector::del(std::vector< std::string,std::allocator< std::string > > const &)).
external/sonic-swss-common+/common/dbconnector.h:278: Warning 511: Can't use keyword arguments with overloaded functions (swss::DBConnector::set(std::string const &,std::string const &)).
external/sonic-swss-common+/common/dbconnector.h:279: Warning 511: Can't use keyword arguments with overloaded functions (swss::DBConnector::set(std::string const &,int)).
external/sonic-swss-common+/common/sonicv2connector.h:21: Warning 511: Can't use keyword arguments with overloaded functions (swss::SonicV2Connector_Native::close(std::string const &)).
external/sonic-swss-common+/common/profileprovider.h:23: Warning 511: Can't use keyword arguments with overloaded functions (swss::ProfileProvider::getConfigs(std::string const &,std::string const &,swss::DBConnector *)).
external/sonic-swss-common+/common/profileprovider.h:25: Warning 511: Can't use keyword arguments with overloaded functions (swss::ProfileProvider::getConfigs(swss::DBConnector *)).
external/sonic-swss-common+/common/rediscommand.h:29: Warning 511: Can't use keyword arguments with overloaded functions (swss::RedisCommand::format(char const *,...)).
external/sonic-swss-common+/common/rediscommand.h:31: Warning 511: Can't use keyword arguments with overloaded functions (swss::RedisCommand::format(std::vector< std::string,std::allocator< std::string > > const &)).
external/sonic-swss-common+/common/rediscommand.h:38: Warning 511: Can't use keyword arguments with overloaded functions (swss::RedisCommand::formatHSET(std::string const &,std::vector< swss::FieldValueTuple,std::allocator< swss::FieldValueTuple > > const &)).
external/sonic-swss-common+/common/rediscommand.h:41: Warning 511: Can't use keyword arguments with overloaded functions (swss::RedisCommand::formatHSET(std::string const &,std::map< std::string,std::string,std::less< std::string >,std::allocator< std::pair< std::string const,std::string > > > const &)).
external/sonic-swss-common+/common/rediscommand.h:49: Warning 511: Can't use keyword arguments with overloaded functions (swss::RedisCommand::formatHSET(std::string const &,std::string const &,std::string const &)).
external/sonic-swss-common+/common/rediscommand.h:38: Warning 467: Overloaded method swss::RedisCommand::formatHSET(std::string const &,std::vector< swss::FieldValueTuple,std::allocator< swss::FieldValueTuple > > const &) not supported (incomplete type checking rule - no precedence level in typecheck typemap for 'std::vector< swss::FieldValueTuple,std::allocator< swss::FieldValueTuple > > const &').
external/sonic-swss-common+/common/rediscommand.h:55: Warning 511: Can't use keyword arguments with overloaded functions (swss::RedisCommand::formatHDEL(std::string const &,std::string const &)).
external/sonic-swss-common+/common/rediscommand.h:58: Warning 511: Can't use keyword arguments with overloaded functions (swss::RedisCommand::formatHDEL(std::string const &,std::vector< std::string,std::allocator< std::string > > const &)).
external/sonic-swss-common+/common/redispipeline.h:76: Warning 511: Can't use keyword arguments with overloaded functions (swss::RedisPipeline::push(swss::RedisCommand const &,int)).
external/sonic-swss-common+/common/redispipeline.h:83: Warning 511: Can't use keyword arguments with overloaded functions (swss::RedisPipeline::push(swss::RedisCommand const &)).
external/sonic-swss-common+/common/redisreply.h:55: Warning 511: Can't use keyword arguments with overloaded functions (swss::RedisReply::RedisReply(swss::RedisContext *,swss::RedisCommand const &)).
external/sonic-swss-common+/common/redisreply.h:56: Warning 511: Can't use keyword arguments with overloaded functions (swss::RedisReply::RedisReply(swss::RedisContext *,std::string const &)).
external/sonic-swss-common+/common/redisreply.h:64: Warning 511: Can't use keyword arguments with overloaded functions (swss::RedisReply::RedisReply(swss::RedisContext *,swss::RedisCommand const &,int)).
external/sonic-swss-common+/common/redisreply.h:65: Warning 511: Can't use keyword arguments with overloaded functions (swss::RedisReply::RedisReply(swss::RedisContext *,std::string const &,int)).
external/sonic-swss-common+/common/redisreply.h:68: Warning 511: Can't use keyword arguments with overloaded functions (swss::RedisReply::RedisReply(redisReply *)).
external/sonic-swss-common+/common/redisreply.h:99: Warning 511: Can't use keyword arguments with overloaded functions (swss::RedisReply::to_string(redisReply *,std::string)).
external/sonic-swss-common+/common/redistran.h:24: Warning 511: Can't use keyword arguments with overloaded functions (swss::RedisTransactioner::enqueue(std::string const &,int)).
external/sonic-swss-common+/common/redistran.h:25: Warning 511: Can't use keyword arguments with overloaded functions (swss::RedisTransactioner::enqueue(swss::RedisCommand const &,int)).
external/sonic-swss-common+/common/zmqserver.h:33: Warning 511: Can't use keyword arguments with overloaded functions (swss::ZmqServer::ZmqServer(std::string const &)).
external/sonic-swss-common+/common/zmqserver.h:34: Warning 511: Can't use keyword arguments with overloaded functions (swss::ZmqServer::ZmqServer(std::string const &,std::string const &)).
external/sonic-swss-common+/common/zmqclient.h:16: Warning 511: Can't use keyword arguments with overloaded functions (swss::ZmqClient::ZmqClient(std::string const &)).
external/sonic-swss-common+/common/zmqclient.h:17: Warning 511: Can't use keyword arguments with overloaded functions (swss::ZmqClient::ZmqClient(std::string const &,std::string const &)).
external/sonic-swss-common+/common/zmqclient.h:18: Warning 511: Can't use keyword arguments with overloaded functions (swss::ZmqClient::ZmqClient(std::string const &,uint32_t)).
external/sonic-swss-common+/common/table.h:44: Warning 511: Can't use keyword arguments with overloaded functions (swss::TableBase::TableBase(int,std::string const &)).
external/sonic-swss-common+/common/table.h:52: Warning 511: Can't use keyword arguments with overloaded functions (swss::TableBase::TableBase(std::string const &,std::string const &)).
external/sonic-swss-common+/common/table.h:91: Warning 511: Can't use keyword arguments with overloaded functions (swss::TableBase::getChannelName(std::string const &)).
external/sonic-swss-common+/common/table.h:97: Warning 511: Can't use keyword arguments with overloaded functions (swss::TableBase::getChannelName(int)).
external/sonic-swss-common+/common/table.h:191: Warning 511: Can't use keyword arguments with overloaded functions (swss::Table::Table(swss::DBConnector const *,std::string const &)).
external/sonic-swss-common+/common/table.h:192: Warning 511: Can't use keyword arguments with overloaded functions (swss::Table::Table(swss::RedisPipeline *,std::string const &,bool)).
external/sonic-swss-common+/common/table.h:199: Warning 511: Can't use keyword arguments with overloaded functions (swss::Table::set(std::string const &,std::vector< swss::FieldValueTuple,std::allocator< swss::FieldValueTuple > > const &,std::string const &,std::string const &)).
external/sonic-swss-common+/common/table.h:206: Warning 511: Can't use keyword arguments with overloaded functions (swss::Table::set(std::string const &,std::vector< swss::FieldValueTuple,std::allocator< swss::FieldValueTuple > > const &,std::string const &,std::string const &,int64_t const &)).
bazel-out/k8-fastbuild/bin/external/sonic-swss-common+/pyext/swig_lib/std/std_pair.i:37: Warning 511: Can't use keyword arguments with overloaded functions (std::pair< int,std::string >::pair(int,std::string)).
bazel-out/k8-fastbuild/bin/external/sonic-swss-common+/pyext/swig_lib/std/std_pair.i:38: Warning 511: Can't use keyword arguments with overloaded functions (std::pair< int,std::string >::pair(std::pair< int,std::string > const &)).
external/sonic-swss-common+/common/producertable.h:20: Warning 511: Can't use keyword arguments with overloaded functions (swss::ProducerTable::ProducerTable(swss::DBConnector *,std::string const &)).
external/sonic-swss-common+/common/producertable.h:21: Warning 511: Can't use keyword arguments with overloaded functions (swss::ProducerTable::ProducerTable(swss::RedisPipeline *,std::string const &,bool)).
external/sonic-swss-common+/common/producertable.h:22: Warning 511: Can't use keyword arguments with overloaded functions (swss::ProducerTable::ProducerTable(swss::DBConnector *,std::string const &,std::string const &)).
external/sonic-swss-common+/common/producerstatetable.h:13: Warning 511: Can't use keyword arguments with overloaded functions (swss::ProducerStateTable::ProducerStateTable(swss::DBConnector *,std::string const &)).
external/sonic-swss-common+/common/producerstatetable.h:14: Warning 511: Can't use keyword arguments with overloaded functions (swss::ProducerStateTable::ProducerStateTable(swss::RedisPipeline *,std::string const &,bool)).
external/sonic-swss-common+/common/producerstatetable.h:15: Warning 511: Can't use keyword arguments with overloaded functions (swss::ProducerStateTable::ProducerStateTable(swss::RedisPipeline *,std::string const &,bool,bool)).
external/sonic-swss-common+/common/producerstatetable.h:23: Warning 511: Can't use keyword arguments with overloaded functions (swss::ProducerStateTable::set(std::string const &,std::vector< swss::FieldValueTuple,std::allocator< swss::FieldValueTuple > > const &,std::string const &,std::string const &)).
external/sonic-swss-common+/common/producerstatetable.h:27: Warning 511: Can't use keyword arguments with overloaded functions (swss::ProducerStateTable::del(std::string const &,std::string const &,std::string const &)).
external/sonic-swss-common+/common/producerstatetable.h:41: Warning 511: Can't use keyword arguments with overloaded functions (swss::ProducerStateTable::set(std::vector< swss::KeyOpFieldsValuesTuple,std::allocator< swss::KeyOpFieldsValuesTuple > > const &)).
external/sonic-swss-common+/common/producerstatetable.h:43: Warning 511: Can't use keyword arguments with overloaded functions (swss::ProducerStateTable::del(std::vector< std::string,std::allocator< std::string > > const &)).
external/sonic-swss-common+/common/zmqproducerstatetable.h:19: Warning 511: Can't use keyword arguments with overloaded functions (swss::ZmqProducerStateTable::ZmqProducerStateTable(swss::DBConnector *,std::string const &,swss::ZmqClient &,bool)).
external/sonic-swss-common+/common/zmqproducerstatetable.h:20: Warning 511: Can't use keyword arguments with overloaded functions (swss::ZmqProducerStateTable::ZmqProducerStateTable(swss::RedisPipeline *,std::string const &,swss::ZmqClient &,bool,bool)).
external/sonic-swss-common+/common/zmqproducerstatetable.h:26: Warning 511: Can't use keyword arguments with overloaded functions (swss::ZmqProducerStateTable::set(std::string const &,std::vector< swss::FieldValueTuple,std::allocator< swss::FieldValueTuple > > const &,std::string const &,std::string const &)).
external/sonic-swss-common+/common/zmqproducerstatetable.h:30: Warning 511: Can't use keyword arguments with overloaded functions (swss::ZmqProducerStateTable::del(std::string const &,std::string const &,std::string const &)).
external/sonic-swss-common+/common/zmqproducerstatetable.h:33: Warning 511: Can't use keyword arguments with overloaded functions (swss::ZmqProducerStateTable::set(std::vector< swss::KeyOpFieldsValuesTuple,std::allocator< swss::KeyOpFieldsValuesTuple > > const &)).
external/sonic-swss-common+/common/zmqproducerstatetable.h:35: Warning 511: Can't use keyword arguments with overloaded functions (swss::ZmqProducerStateTable::del(std::vector< std::string,std::allocator< std::string > > const &)).
external/sonic-swss-common+/common/consumertablebase.h:19: Warning 511: Can't use keyword arguments with overloaded functions (swss::ConsumerTableBase::pop(swss::KeyOpFieldsValuesTuple &,std::string const &)).
external/sonic-swss-common+/common/consumertablebase.h:21: Warning 511: Can't use keyword arguments with overloaded functions (swss::ConsumerTableBase::pop(std::string &,std::string &,std::vector< swss::FieldValueTuple,std::allocator< swss::FieldValueTuple > > &,std::string const &)).
external/sonic-swss-common+/common/notificationproducer.h:20: Warning 511: Can't use keyword arguments with overloaded functions (swss::NotificationProducer::NotificationProducer(swss::DBConnector *,std::string const &)).
external/sonic-swss-common+/common/notificationproducer.h:28: Warning 511: Can't use keyword arguments with overloaded functions (swss::NotificationProducer::NotificationProducer(swss::RedisPipeline *,std::string const &,bool)).
external/sonic-swss-common+/common/dbinterface.h:36: Warning 511: Can't use keyword arguments with overloaded functions (swss::DBInterface::close(std::string const &)).
external/sonic-swss-common+/common/logger.h:36: Warning 506: Can't wrap varargs with keyword arguments enabled
external/sonic-swss-common+/common/logger.h:100: Warning 506: Can't wrap varargs with keyword arguments enabled
external/sonic-swss-common+/common/logger.h:107: Warning 506: Can't wrap varargs with keyword arguments enabled
[766 / 830] Unpack external/rules_distroless++apt+bookworm_libboost1.74-dev-amd64_1.74.0-ds1-21/usr/include/boost/container/detail/alloc_lib.h; 5s processwrapper-sandbox ... (2 actions, 1 running)
[768 / 830] Compiling external/sonic-swss-common+/pyext/py3/swsscommon_wrap.cpp; 0s processwrapper-sandbox ... (4 actions running)
[769 / 830] Compiling external/sonic-swss-common+/pyext/py3/swsscommon_wrap.cpp; 3s processwrapper-sandbox ... (4 actions, 3 running)
[771 / 830] Compiling external/sonic-swss-common+/pyext/py3/swsscommon_wrap.cpp; 4s processwrapper-sandbox ... (4 actions running)
[772 / 830] Compiling external/sonic-swss-common+/pyext/py3/swsscommon_wrap.cpp; 5s processwrapper-sandbox ... (4 actions running)
[774 / 830] Compiling external/sonic-swss-common+/pyext/py3/swsscommon_wrap.cpp; 6s processwrapper-sandbox ... (4 actions running)
[775 / 830] Compiling external/sonic-swss-common+/pyext/py3/swsscommon_wrap.cpp; 8s processwrapper-sandbox ... (4 actions, 3 running)
[777 / 830] Compiling external/sonic-swss-common+/pyext/py3/swsscommon_wrap.cpp; 9s processwrapper-sandbox ... (4 actions running)
[779 / 830] Compiling external/sonic-swss-common+/pyext/py3/swsscommon_wrap.cpp; 11s processwrapper-sandbox ... (4 actions, 3 running)
[781 / 830] Compiling external/sonic-swss-common+/pyext/py3/swsscommon_wrap.cpp; 12s processwrapper-sandbox ... (4 actions running)
[782 / 830] Compiling external/sonic-swss-common+/pyext/py3/swsscommon_wrap.cpp; 14s processwrapper-sandbox ... (4 actions, 3 running)
[783 / 830] Compiling external/sonic-swss-common+/pyext/py3/swsscommon_wrap.cpp; 15s processwrapper-sandbox ... (4 actions running)
[784 / 830] Compiling external/sonic-swss-common+/pyext/py3/swsscommon_wrap.cpp; 16s processwrapper-sandbox ... (4 actions running)
[787 / 830] Compiling common/subscriberstatetable.cpp; 1s processwrapper-sandbox ... (4 actions, 3 running)
[788 / 830] Compiling common/defaultvalueprovider.cpp; 2s processwrapper-sandbox ... (4 actions running)
[790 / 830] Compiling common/events.cpp; 3s processwrapper-sandbox ... (4 actions, 3 running)
[793 / 830] Compiling common/events_common.cpp; 3s processwrapper-sandbox ... (4 actions, 3 running)
[800 / 830] Compiling common/json.cpp; 1s processwrapper-sandbox ... (4 actions, 3 running)
[801 / 830] Compiling common/json.cpp; 2s processwrapper-sandbox ... (4 actions running)
[802 / 830] Compiling common/json.cpp; 3s processwrapper-sandbox ... (4 actions running)
[805 / 830] Compiling common/json.cpp; 4s processwrapper-sandbox ... (4 actions, 3 running)
[810 / 830] Compiling common/redisutility.cpp; 0s processwrapper-sandbox ... (4 actions, 3 running)
[812 / 830] Compiling common/notificationproducer.cpp; 2s processwrapper-sandbox ... (3 actions running)
[816 / 830] Compiling common/producerstatetable.cpp; 1s processwrapper-sandbox ... (4 actions, 3 running)
[816 / 830] Compiling common/producerstatetable.cpp; 2s processwrapper-sandbox ... (4 actions running)
[819 / 830] Compiling common/producertable.cpp; 3s processwrapper-sandbox ... (4 actions running)
[820 / 830] Compiling common/pubsub.cpp; 1s processwrapper-sandbox ... (4 actions running)
[822 / 830] Compiling common/redis_table_waiter.cpp; 2s processwrapper-sandbox ... (2 actions running)
[825 / 830] Linking external/sonic-swss-common+/pyext/lib_swsscommon.so; 0s processwrapper-sandbox
[827 / 830] [Prepa] OCI Descriptor external/sonic-swss-common+/pyext/swsscommon_pkg.tar.gz
INFO: Found 1 target...
Target //dockers/docker-config-engine-bookworm:load up-to-date:
  bazel-bin/dockers/docker-config-engine-bookworm/load.sh
INFO: Elapsed time: 48.270s, Critical Path: 26.81s
INFO: 429 processes: 402 action cache hit, 303 internal, 126 processwrapper-sandbox.
INFO: Build completed successfully, 429 total actions
INFO: Running command line: bazel-bin/dockers/docker-config-engine-bookworm/load.sh
Loaded image: docker-config-engine-bookworm:latest

========================================
RESULT: SUCCESS
Finished: Tue Apr 21 22:18:29 CDT 2026
========================================
